{  °°°°  InicioBloque
while  °°°°  Identificador
(  °°°°  Caracter
i  °°°°  Caracter
>  °°°°  OperadorRelacional
0  °°°°  Numero
)  °°°°  Caracter
{  °°°°  InicioBloque
suma  °°°°  Identificador
=  °°°°  Asignacion
resta  °°°°  Identificador
*  °°°°  OperadorFactor
divicion  °°°°  Identificador
/  °°°°  OperadorFactor
;  °°°°  FinSentencia
if  °°°°  Identificador
(  °°°°  Caracter
suma  °°°°  Identificador
==  °°°°  OperadorRelacional
5  °°°°  Numero
||  °°°°  OperadorLogico
i  °°°°  Caracter
<  °°°°  OperadorRelacional
0  °°°°  Numero
&&  °°°°  OperadorLogico
moneda  °°°°  Identificador
!=  °°°°  OperadorRelacional
$5000  °°°°  Moneda
)  °°°°  Caracter
{  °°°°  InicioBloque
return  °°°°  Identificador
i  °°°°  Caracter
;  °°°°  FinSentencia
}  °°°°  FinBloque
}  °°°°  FinBloque
}  °°°°  FinBloque
Total de lineas 15
